<?xml version="1.0" encoding="UTF-8"?>
<testsuite xmlns:xsi="http://www.w3.org/2001/XMLSchema-instance" xsi:noNamespaceSchemaLocation="https://maven.apache.org/surefire/maven-surefire-plugin/xsd/surefire-test-report-3.0.xsd" version="3.0" name="ar.edu.utn.frc.tup.lciii.controllers.PingControllerTest" time="3.083" tests="1" errors="0" skipped="0" failures="0">
  <properties>
[...]
</properties>
  <testcase name="pingTest" classname="ar.edu.utn.frc.tup.lciii.controllers.PingControllerTest" time="0.049">
    <system-out><![CDATA[2023-10-06T18:46:24.208-03:00  INFO 15412 --- [           main] t.c.s.AnnotationConfigContextLoaderUtils : Could not detect default configuration classes for test class [ar.edu.utn.frc.tup.lciii.controllers.PingControllerTest]: PingControllerTest does not declare any static, non-private, non-final, nested classes annotated with @Configuration.
2023-10-06T18:46:24.233-03:00  INFO 15412 --- [           main] .b.t.c.SpringBootTestContextBootstrapper : Found @SpringBootConfiguration ar.edu.utn.frc.tup.lciii.Application for test class ar.edu.utn.frc.tup.lciii.controllers.PingControllerTest

  .   ____          _            __ _ _
 /\\ / ___'_ __ _ _(_)_ __  __ _ \ \ \ \
( ( )\___ | '_ | '_| | '_ \/ _` | \ \ \ \
 \\/  ___)| |_)| | | | | || (_| |  ) ) ) )
  '  |____| .__|_| |_|_| |_\__, | / / / /
 =========|_|==============|___/=/_/_/_/
 :: Spring Boot ::                (v3.1.0)

2023-10-06T18:46:24.373-03:00  INFO 15412 --- [           main] a.e.u.f.t.l.c.PingControllerTest         : Starting PingControllerTest using Java 20 with PID 15412 (started by Tomi in C:\Users\Tomi\Desktop\LbIV\PracticaP1\2w1-practica-parcial-1-114036-Benza-Tomas)
2023-10-06T18:46:24.374-03:00  INFO 15412 --- [           main] a.e.u.f.t.l.c.PingControllerTest         : No active profile set, falling back to 1 default profile: "default"
2023-10-06T18:46:24.804-03:00  INFO 15412 --- [           main] .s.d.r.c.RepositoryConfigurationDelegate : Bootstrapping Spring Data JPA repositories in DEFAULT mode.
2023-10-06T18:46:24.829-03:00  INFO 15412 --- [           main] .s.d.r.c.RepositoryConfigurationDelegate : Finished Spring Data repository scanning in 25 ms. Found 1 JPA repository interfaces.
2023-10-06T18:46:24.878-03:00  INFO 15412 --- [           main] o.s.cloud.context.scope.GenericScope     : BeanFactory id=4f453843-5f99-3de9-9690-6844bc1b3c3c
2023-10-06T18:46:25.060-03:00  INFO 15412 --- [           main] o.hibernate.jpa.internal.util.LogHelper  : HHH000204: Processing PersistenceUnitInfo [name: default]
2023-10-06T18:46:25.076-03:00  INFO 15412 --- [           main] o.h.b.i.BytecodeProviderInitiator        : HHH000021: Bytecode provider name : bytebuddy
2023-10-06T18:46:25.076-03:00  INFO 15412 --- [           main] o.s.o.j.p.SpringPersistenceUnitInfo      : No LoadTimeWeaver setup: ignoring JPA class transformer
2023-10-06T18:46:25.077-03:00  INFO 15412 --- [           main] com.zaxxer.hikari.HikariDataSource       : HikariPool-3 - Starting...
2023-10-06T18:46:25.134-03:00  INFO 15412 --- [           main] com.zaxxer.hikari.pool.HikariPool        : HikariPool-3 - Added connection com.mysql.cj.jdbc.ConnectionImpl@24ab83c8
2023-10-06T18:46:25.134-03:00  INFO 15412 --- [           main] com.zaxxer.hikari.HikariDataSource       : HikariPool-3 - Start completed.
2023-10-06T18:46:25.138-03:00  INFO 15412 --- [           main] org.hibernate.orm.dialect                : HHH035001: Using dialect: org.hibernate.dialect.MySQLDialect, version: 8.1
2023-10-06T18:46:25.165-03:00  INFO 15412 --- [           main] o.h.b.i.BytecodeProviderInitiator        : HHH000021: Bytecode provider name : bytebuddy
2023-10-06T18:46:25.207-03:00  INFO 15412 --- [           main] o.h.e.t.j.p.i.JtaPlatformInitiator       : HHH000490: Using JtaPlatform implementation: [org.hibernate.engine.transaction.jta.platform.internal.NoJtaPlatform]
2023-10-06T18:46:25.230-03:00  INFO 15412 --- [           main] j.LocalContainerEntityManagerFactoryBean : Initialized JPA EntityManagerFactory for persistence unit 'default'
2023-10-06T18:46:26.415-03:00  WARN 15412 --- [           main] JpaBaseConfiguration$JpaWebConfiguration : spring.jpa.open-in-view is enabled by default. Therefore, database queries may be performed during view rendering. Explicitly configure spring.jpa.open-in-view to disable this warning
2023-10-06T18:46:27.074-03:00  INFO 15412 --- [           main] o.s.b.t.m.w.SpringBootMockServletContext : Initializing Spring TestDispatcherServlet ''
2023-10-06T18:46:27.075-03:00  INFO 15412 --- [           main] o.s.t.web.servlet.TestDispatcherServlet  : Initializing Servlet ''
2023-10-06T18:46:27.075-03:00  INFO 15412 --- [           main] o.s.t.web.servlet.TestDispatcherServlet  : Completed initialization in 0 ms
2023-10-06T18:46:27.237-03:00  INFO 15412 --- [           main] a.e.u.f.t.l.c.PingControllerTest         : Started PingControllerTest in 2.997 seconds (process running for 18.82)

MockHttpServletRequest:
      HTTP Method = GET
      Request URI = /ping
       Parameters = {}
          Headers = []
             Body = null
    Session Attrs = {}

Handler:
             Type = ar.edu.utn.frc.tup.lciii.controllers.PingController
           Method = ar.edu.utn.frc.tup.lciii.controllers.PingController#pong()

Async:
    Async started = false
     Async result = null

Resolved Exception:
             Type = null

ModelAndView:
        View name = null
             View = null
            Model = null

FlashMap:
       Attributes = null

MockHttpServletResponse:
           Status = 200
    Error message = null
          Headers = [Content-Type:"text/plain;charset=UTF-8", Content-Length:"4"]
     Content type = text/plain;charset=UTF-8
             Body = pong
    Forwarded URL = null
   Redirected URL = null
          Cookies = []
]]></system-out>
  </testcase>
</testsuite>